[     646ms] [ERROR] Failed to load resource: the server responded with a status of 404 () @ https://juwita.club/favicon.ico:0
[  331254ms] [ERROR] Failed to load resource: the server responded with a status of 502 () @ https://juwita.club/api/meetings/:0
[  331257ms] Unexpected token '<', "<!DOCTYPE "... is not valid JSON
[  331256ms] [ERROR] Failed to load resource: the server responded with a status of 502 () @ https://juwita.club/api/meetings/:0
[  331258ms] Unexpected token '<', "<!DOCTYPE "... is not valid JSON
[  331257ms] [ERROR] Failed to load resource: the server responded with a status of 502 () @ https://juwita.club/api/meetings/:0
[  331260ms] Unexpected token '<', "<!DOCTYPE "... is not valid JSON
[  331353ms] [ERROR] Failed to load resource: the server responded with a status of 502 () @ https://juwita.club/api/meetings/:0
[  331355ms] Unexpected token '<', "<!DOCTYPE "... is not valid JSON
[  331444ms] [ERROR] Failed to load resource: the server responded with a status of 502 () @ https://juwita.club/api/meetings/:0
[  331444ms] Unexpected token '<', "<!DOCTYPE "... is not valid JSON
[  440365ms] [ERROR] Failed to load resource: the server responded with a status of 502 () @ https://juwita.club/api/meetings/:0
[  440366ms] [ERROR] Failed to load resource: the server responded with a status of 502 () @ https://juwita.club/api/meetings/:0
[  440366ms] [ERROR] Failed to load resource: the server responded with a status of 502 () @ https://juwita.club/api/meetings/:0
[  440369ms] Unexpected token '<', "<!DOCTYPE "... is not valid JSON
[  440369ms] Unexpected token '<', "<!DOCTYPE "... is not valid JSON
[  440369ms] Unexpected token '<', "<!DOCTYPE "... is not valid JSON
[  440459ms] [ERROR] Failed to load resource: the server responded with a status of 502 () @ https://juwita.club/api/meetings/:0
[  440460ms] Unexpected token '<', "<!DOCTYPE "... is not valid JSON
[  774310ms] [ERROR] Failed to load resource: the server responded with a status of 502 () @ https://juwita.club/api/meetings/:0
[  774312ms] Unexpected token '<', "<!DOCTYPE "... is not valid JSON
[  774311ms] [ERROR] Failed to load resource: the server responded with a status of 502 () @ https://juwita.club/api/meetings/:0
[  774312ms] Unexpected token '<', "<!DOCTYPE "... is not valid JSON
[  774314ms] [ERROR] Failed to load resource: the server responded with a status of 502 () @ https://juwita.club/api/meetings/:0
[  774314ms] [ERROR] Failed to load resource: the server responded with a status of 502 () @ https://juwita.club/api/meetings/:0
[  774315ms] Unexpected token '<', "<!DOCTYPE "... is not valid JSON
[  774316ms] Unexpected token '<', "<!DOCTYPE "... is not valid JSON
[  774413ms] [ERROR] Failed to load resource: the server responded with a status of 502 () @ https://juwita.club/api/meetings/:0
[  774414ms] Unexpected token '<', "<!DOCTYPE "... is not valid JSON
[  774498ms] [ERROR] Failed to load resource: the server responded with a status of 502 () @ https://juwita.club/api/meetings/:0
[  774499ms] Unexpected token '<', "<!DOCTYPE "... is not valid JSON
[ 1375345ms] [ERROR] Failed to load resource: the server responded with a status of 502 () @ https://juwita.club/api/meetings/:0
[ 1375347ms] Unexpected token '<', "<!DOCTYPE "... is not valid JSON
[ 1375349ms] [ERROR] Failed to load resource: the server responded with a status of 502 () @ https://juwita.club/api/meetings/:0
[ 1375350ms] Unexpected token '<', "<!DOCTYPE "... is not valid JSON
[ 1375352ms] [ERROR] Failed to load resource: the server responded with a status of 502 () @ https://juwita.club/api/meetings/:0
[ 1375354ms] Unexpected token '<', "<!DOCTYPE "... is not valid JSON
[ 1375437ms] [ERROR] Failed to load resource: the server responded with a status of 502 () @ https://juwita.club/api/meetings/:0
[ 1375438ms] Unexpected token '<', "<!DOCTYPE "... is not valid JSON
[ 1375536ms] [ERROR] Failed to load resource: the server responded with a status of 502 () @ https://juwita.club/api/meetings/:0
[ 1375537ms] Unexpected token '<', "<!DOCTYPE "... is not valid JSON
[ 2268226ms] [ERROR] Failed to load resource: the server responded with a status of 502 () @ https://juwita.club/api/meetings/:0
[ 2268227ms] Unexpected token '<', "<!DOCTYPE "... is not valid JSON
[ 2268227ms] [ERROR] Failed to load resource: the server responded with a status of 502 () @ https://juwita.club/api/meetings/:0
[ 2268228ms] Unexpected token '<', "<!DOCTYPE "... is not valid JSON
[ 2268228ms] [ERROR] Failed to load resource: the server responded with a status of 502 () @ https://juwita.club/api/meetings/:0
[ 2268231ms] Unexpected token '<', "<!DOCTYPE "... is not valid JSON
[ 2268231ms] [ERROR] Failed to load resource: the server responded with a status of 502 () @ https://juwita.club/api/meetings/:0
[ 2268232ms] Unexpected token '<', "<!DOCTYPE "... is not valid JSON
[ 2268314ms] [ERROR] Failed to load resource: the server responded with a status of 502 () @ https://juwita.club/api/meetings/:0
[ 2268315ms] Unexpected token '<', "<!DOCTYPE "... is not valid JSON
[ 2268415ms] [ERROR] Failed to load resource: the server responded with a status of 502 () @ https://juwita.club/api/meetings/:0
[ 2268416ms] Unexpected token '<', "<!DOCTYPE "... is not valid JSON
[ 2268503ms] [ERROR] Failed to load resource: the server responded with a status of 502 () @ https://juwita.club/api/meetings/:0
[ 2268503ms] Unexpected token '<', "<!DOCTYPE "... is not valid JSON
[ 2362956ms] [ERROR] Failed to load resource: the server responded with a status of 502 () @ https://juwita.club/api/meetings/:0
[ 2362957ms] [ERROR] Failed to load resource: the server responded with a status of 502 () @ https://juwita.club/api/meetings/:0
[ 2362959ms] Unexpected token '<', "<!DOCTYPE "... is not valid JSON
[ 2362959ms] Unexpected token '<', "<!DOCTYPE "... is not valid JSON
[ 2362960ms] [ERROR] Failed to load resource: the server responded with a status of 502 () @ https://juwita.club/api/meetings/:0
[ 2362960ms] Unexpected token '<', "<!DOCTYPE "... is not valid JSON
[ 2363042ms] [ERROR] Failed to load resource: the server responded with a status of 502 () @ https://juwita.club/api/meetings/:0
[ 2363043ms] Unexpected token '<', "<!DOCTYPE "... is not valid JSON
[ 2432845ms] [ERROR] Failed to load resource: the server responded with a status of 502 () @ https://juwita.club/api/meetings/:0
[ 2432846ms] Unexpected token '<', "<!DOCTYPE "... is not valid JSON
[ 2432848ms] [ERROR] Failed to load resource: the server responded with a status of 502 () @ https://juwita.club/api/meetings/:0
[ 2432848ms] [ERROR] Failed to load resource: the server responded with a status of 502 () @ https://juwita.club/api/meetings/:0
[ 2432849ms] Unexpected token '<', "<!DOCTYPE "... is not valid JSON
[ 2432849ms] Unexpected token '<', "<!DOCTYPE "... is not valid JSON
[ 2432852ms] [ERROR] Failed to load resource: the server responded with a status of 502 () @ https://juwita.club/api/meetings/:0
[ 2432853ms] Unexpected token '<', "<!DOCTYPE "... is not valid JSON
[ 2432924ms] [ERROR] Failed to load resource: the server responded with a status of 502 () @ https://juwita.club/api/meetings/:0
[ 2432928ms] Unexpected token '<', "<!DOCTYPE "... is not valid JSON
[ 2433014ms] [ERROR] Failed to load resource: the server responded with a status of 502 () @ https://juwita.club/api/meetings/:0
[ 2433015ms] Unexpected token '<', "<!DOCTYPE "... is not valid JSON
[ 2526772ms] [ERROR] Failed to load resource: the server responded with a status of 502 () @ https://juwita.club/api/meetings/:0
[ 2526773ms] Unexpected token '<', "<!DOCTYPE "... is not valid JSON
[ 2526777ms] [ERROR] Failed to load resource: the server responded with a status of 502 () @ https://juwita.club/api/meetings/:0
[ 2526778ms] [ERROR] Failed to load resource: the server responded with a status of 502 () @ https://juwita.club/api/meetings/:0
[ 2526778ms] Unexpected token '<', "<!DOCTYPE "... is not valid JSON
[ 2526778ms] Unexpected token '<', "<!DOCTYPE "... is not valid JSON
[ 2526862ms] [ERROR] Failed to load resource: the server responded with a status of 502 () @ https://juwita.club/api/meetings/:0
[ 2526864ms] Unexpected token '<', "<!DOCTYPE "... is not valid JSON
[ 2526944ms] [ERROR] Failed to load resource: the server responded with a status of 502 () @ https://juwita.club/api/meetings/:0
[ 2526945ms] Unexpected token '<', "<!DOCTYPE "... is not valid JSON
[ 2901559ms] [ERROR] Failed to load resource: the server responded with a status of 500 () @ https://juwita.club/api/meetings/:0
[ 2901561ms] Unexpected token '<', "
<!doctype "... is not valid JSON
[ 2904565ms] [ERROR] Failed to load resource: the server responded with a status of 500 () @ https://juwita.club/api/meetings/:0
[ 2904566ms] Unexpected token '<', "
<!doctype "... is not valid JSON
[ 2907555ms] [ERROR] Failed to load resource: the server responded with a status of 500 () @ https://juwita.club/api/meetings/:0
[ 2907556ms] Unexpected token '<', "
<!doctype "... is not valid JSON
[ 2910563ms] [ERROR] Failed to load resource: the server responded with a status of 500 () @ https://juwita.club/api/meetings/:0
[ 2910564ms] Unexpected token '<', "
<!doctype "... is not valid JSON
[ 2913555ms] [ERROR] Failed to load resource: the server responded with a status of 500 () @ https://juwita.club/api/meetings/:0
[ 2913555ms] Unexpected token '<', "
<!doctype "... is not valid JSON
[ 2916565ms] [ERROR] Failed to load resource: the server responded with a status of 500 () @ https://juwita.club/api/meetings/:0
[ 2916566ms] Unexpected token '<', "
<!doctype "... is not valid JSON
[ 2919579ms] [ERROR] Failed to load resource: the server responded with a status of 500 () @ https://juwita.club/api/meetings/:0
[ 2919580ms] Unexpected token '<', "
<!doctype "... is not valid JSON
[ 2922570ms] [ERROR] Failed to load resource: the server responded with a status of 500 () @ https://juwita.club/api/meetings/:0
[ 2922571ms] Unexpected token '<', "
<!doctype "... is not valid JSON
[ 2925552ms] [ERROR] Failed to load resource: the server responded with a status of 500 () @ https://juwita.club/api/meetings/:0
[ 2925553ms] Unexpected token '<', "
<!doctype "... is not valid JSON
[ 2928563ms] [ERROR] Failed to load resource: the server responded with a status of 500 () @ https://juwita.club/api/meetings/:0
[ 2928563ms] Unexpected token '<', "
<!doctype "... is not valid JSON
[ 2931555ms] [ERROR] Failed to load resource: the server responded with a status of 500 () @ https://juwita.club/api/meetings/:0
[ 2931556ms] Unexpected token '<', "
<!doctype "... is not valid JSON
[ 2934565ms] [ERROR] Failed to load resource: the server responded with a status of 500 () @ https://juwita.club/api/meetings/:0
[ 2934566ms] Unexpected token '<', "
<!doctype "... is not valid JSON
[ 2937559ms] [ERROR] Failed to load resource: the server responded with a status of 500 () @ https://juwita.club/api/meetings/:0
[ 2937560ms] Unexpected token '<', "
<!doctype "... is not valid JSON
[ 2940560ms] [ERROR] Failed to load resource: the server responded with a status of 500 () @ https://juwita.club/api/meetings/:0
[ 2940560ms] Unexpected token '<', "
<!doctype "... is not valid JSON
[ 3484934ms] [ERROR] Failed to load resource: the server responded with a status of 502 () @ https://juwita.club/api/meetings/:0
[ 3484937ms] Unexpected token '<', "<!DOCTYPE "... is not valid JSON
[ 3484936ms] [ERROR] Failed to load resource: the server responded with a status of 502 () @ https://juwita.club/api/meetings/:0
[ 3484938ms] Unexpected token '<', "<!DOCTYPE "... is not valid JSON
[ 3484943ms] [ERROR] Failed to load resource: the server responded with a status of 502 () @ https://juwita.club/api/meetings/:0
[ 3484943ms] Unexpected token '<', "<!DOCTYPE "... is not valid JSON
[ 3485016ms] [ERROR] Failed to load resource: the server responded with a status of 502 () @ https://juwita.club/api/meetings/:0
[ 3485017ms] Unexpected token '<', "<!DOCTYPE "... is not valid JSON
[ 3485106ms] [ERROR] Failed to load resource: the server responded with a status of 502 () @ https://juwita.club/api/meetings/:0
[ 3485108ms] Unexpected token '<', "<!DOCTYPE "... is not valid JSON
[ 3485194ms] [ERROR] Failed to load resource: the server responded with a status of 502 () @ https://juwita.club/api/meetings/:0
[ 3485194ms] Unexpected token '<', "<!DOCTYPE "... is not valid JSON
[ 3836137ms] [ERROR] Failed to load resource: the server responded with a status of 502 () @ https://juwita.club/api/meetings/:0
[ 3836141ms] Unexpected token '<', "<!DOCTYPE "... is not valid JSON
[ 3836139ms] [ERROR] Failed to load resource: the server responded with a status of 502 () @ https://juwita.club/api/meetings/:0
[ 3836142ms] Unexpected token '<', "<!DOCTYPE "... is not valid JSON
[ 3836143ms] [ERROR] Failed to load resource: the server responded with a status of 502 () @ https://juwita.club/api/meetings/:0
[ 3836145ms] Unexpected token '<', "<!DOCTYPE "... is not valid JSON
[ 3836230ms] [ERROR] Failed to load resource: the server responded with a status of 502 () @ https://juwita.club/api/meetings/:0
[ 3836232ms] Unexpected token '<', "<!DOCTYPE "... is not valid JSON
[ 3836316ms] [ERROR] Failed to load resource: the server responded with a status of 502 () @ https://juwita.club/api/meetings/:0
[ 3836316ms] Unexpected token '<', "<!DOCTYPE "... is not valid JSON
[ 3836399ms] [ERROR] Failed to load resource: the server responded with a status of 502 () @ https://juwita.club/api/meetings/:0
[ 3836400ms] Unexpected token '<', "<!DOCTYPE "... is not valid JSON
[ 3987757ms] [ERROR] Failed to load resource: the server responded with a status of 502 () @ https://juwita.club/api/meetings/:0
[ 3987759ms] Unexpected token '<', "<!DOCTYPE "... is not valid JSON
